[2017-03-21 16:04:05.123] [INFO] resLogger - 
*************** response log start ***************
request method: GET
request originalUrl:  /api/article/getArticles
request client ip:  ::ffff:127.0.0.1
request query:  {}
response time: 194
response status: 200
response body: 
[{"file_id":170301,"title":"Vue异步组件－配合webpack的代码分割功能","summary":"在大型应用程序中，我们可能需要将应用拆分为更小的模块，并且只在实际需要时才从服务器加载组件。为了让异","tags":"vue","author":"Haowen","thumbnail":"http://function.withyoufriends.com/image/doc/170301.png","likes":2,"created_at":"2017-02-28T22:51:06.000Z","view_count":97},{"file_id":161222,"title":"从购买服务器开始－配置shadowsocks","summary":"服务器的选择有许多种，搬瓦工，Digital Ocean，国外的主机都相对比较便宜，我在这里选择的是","tags":"shadowsocks,VPN","author":"Haowen","thumbnail":null,"likes":19,"created_at":"2016-12-22T12:34:04.000Z","view_count":153},{"file_id":161214,"title":"在Mac上用pyenv管理安装python","summary":"想安装一个很酷的终端运行的抓包工具```mitmproxy```，需要有python3.0以上支持，","tags":"mitmproxy,python","author":"Haowen","thumbnail":"http://function.withyoufriends.com/image/doc/161214.jpg","likes":1,"created_at":"2016-12-14T11:34:04.000Z","view_count":28},{"file_id":161114,"title":"如何保存一个canvas图像并且重命名","summary":"今天有用到一个二位码转换的库```qr.js```，他把一串url给变成了一个canvas画出来的二","tags":"canvas","author":"Haowen","thumbnail":null,"likes":0,"created_at":"2016-11-14T11:29:17.000Z","view_count":3},{"file_id":161114,"title":"如何保存一个canvas图像并且重命名","summary":"今天有用到一个二位码转换的库```qr.js```，他把一串url给变成了一个canvas画出来的二","tags":"canvas","author":"Haowen","thumbnail":null,"likes":0,"created_at":"2016-11-14T11:29:17.000Z","view_count":3},{"file_id":161007,"title":"做了一个滚动条","summary":"今天做了一个放在顶部的滚动条，把浏览器自带的替换掉了，遇到一些问题：\n\n主要在chrome中使用，因","tags":"css","author":"Haowen","thumbnail":null,"likes":1,"created_at":"2016-10-07T06:55:19.000Z","view_count":7},{"file_id":160922,"title":"Hello World","summary":"這是新博客的第一篇文章。","tags":"helloworld","author":"Haowen","thumbnail":null,"likes":15,"created_at":"2016-09-22T12:34:04.000Z","view_count":28}]
*************** response log end ***************

[2017-03-21 16:05:25.740] [INFO] resLogger - 
*************** response log start ***************
request method: GET
request originalUrl:  /api/article/getArticles
request client ip:  ::ffff:127.0.0.1
request query:  {}
response time: 317
response status: 200
response body: 
[{"file_id":170301,"title":"Vue异步组件－配合webpack的代码分割功能","summary":"在大型应用程序中，我们可能需要将应用拆分为更小的模块，并且只在实际需要时才从服务器加载组件。为了让异","tags":"vue","author":"Haowen","thumbnail":"http://function.withyoufriends.com/image/doc/170301.png","likes":2,"created_at":"2017-02-28T22:51:06.000Z","view_count":97},{"file_id":161222,"title":"从购买服务器开始－配置shadowsocks","summary":"服务器的选择有许多种，搬瓦工，Digital Ocean，国外的主机都相对比较便宜，我在这里选择的是","tags":"shadowsocks,VPN","author":"Haowen","thumbnail":null,"likes":19,"created_at":"2016-12-22T12:34:04.000Z","view_count":153},{"file_id":161214,"title":"在Mac上用pyenv管理安装python","summary":"想安装一个很酷的终端运行的抓包工具```mitmproxy```，需要有python3.0以上支持，","tags":"mitmproxy,python","author":"Haowen","thumbnail":"http://function.withyoufriends.com/image/doc/161214.jpg","likes":1,"created_at":"2016-12-14T11:34:04.000Z","view_count":28},{"file_id":161114,"title":"如何保存一个canvas图像并且重命名","summary":"今天有用到一个二位码转换的库```qr.js```，他把一串url给变成了一个canvas画出来的二","tags":"canvas","author":"Haowen","thumbnail":null,"likes":0,"created_at":"2016-11-14T11:29:17.000Z","view_count":3},{"file_id":161114,"title":"如何保存一个canvas图像并且重命名","summary":"今天有用到一个二位码转换的库```qr.js```，他把一串url给变成了一个canvas画出来的二","tags":"canvas","author":"Haowen","thumbnail":null,"likes":0,"created_at":"2016-11-14T11:29:17.000Z","view_count":3},{"file_id":161007,"title":"做了一个滚动条","summary":"今天做了一个放在顶部的滚动条，把浏览器自带的替换掉了，遇到一些问题：\n\n主要在chrome中使用，因","tags":"css","author":"Haowen","thumbnail":null,"likes":1,"created_at":"2016-10-07T06:55:19.000Z","view_count":7},{"file_id":160922,"title":"Hello World","summary":"這是新博客的第一篇文章。","tags":"helloworld","author":"Haowen","thumbnail":null,"likes":15,"created_at":"2016-09-22T12:34:04.000Z","view_count":28}]
*************** response log end ***************

[2017-03-21 16:19:05.656] [INFO] resLogger - 
*************** response log start ***************
request method: GET
request originalUrl:  /api/article/getArticles
request client ip:  ::ffff:127.0.0.1
request query:  {}
response time: 1297
response status: 200
response body: 
[{"file_id":170301,"title":"Vue异步组件－配合webpack的代码分割功能","summary":"在大型应用程序中，我们可能需要将应用拆分为更小的模块，并且只在实际需要时才从服务器加载组件。为了让异","tags":"vue","author":"Haowen","thumbnail":"http://function.withyoufriends.com/image/doc/170301.png","likes":2,"created_at":"2017-02-28T22:51:06.000Z","view_count":97},{"file_id":161222,"title":"从购买服务器开始－配置shadowsocks","summary":"服务器的选择有许多种，搬瓦工，Digital Ocean，国外的主机都相对比较便宜，我在这里选择的是","tags":"shadowsocks,VPN","author":"Haowen","thumbnail":null,"likes":19,"created_at":"2016-12-22T12:34:04.000Z","view_count":153},{"file_id":161214,"title":"在Mac上用pyenv管理安装python","summary":"想安装一个很酷的终端运行的抓包工具```mitmproxy```，需要有python3.0以上支持，","tags":"mitmproxy,python","author":"Haowen","thumbnail":"http://function.withyoufriends.com/image/doc/161214.jpg","likes":1,"created_at":"2016-12-14T11:34:04.000Z","view_count":28},{"file_id":161114,"title":"如何保存一个canvas图像并且重命名","summary":"今天有用到一个二位码转换的库```qr.js```，他把一串url给变成了一个canvas画出来的二","tags":"canvas","author":"Haowen","thumbnail":null,"likes":0,"created_at":"2016-11-14T11:29:17.000Z","view_count":3},{"file_id":161114,"title":"如何保存一个canvas图像并且重命名","summary":"今天有用到一个二位码转换的库```qr.js```，他把一串url给变成了一个canvas画出来的二","tags":"canvas","author":"Haowen","thumbnail":null,"likes":0,"created_at":"2016-11-14T11:29:17.000Z","view_count":3},{"file_id":161007,"title":"做了一个滚动条","summary":"今天做了一个放在顶部的滚动条，把浏览器自带的替换掉了，遇到一些问题：\n\n主要在chrome中使用，因","tags":"css","author":"Haowen","thumbnail":null,"likes":1,"created_at":"2016-10-07T06:55:19.000Z","view_count":7},{"file_id":160922,"title":"Hello World","summary":"這是新博客的第一篇文章。","tags":"helloworld","author":"Haowen","thumbnail":null,"likes":15,"created_at":"2016-09-22T12:34:04.000Z","view_count":28}]
*************** response log end ***************

[2017-03-21 16:21:30.673] [INFO] resLogger - 
*************** response log start ***************
request method: GET
request originalUrl:  /api/article/getArticles
request client ip:  ::ffff:127.0.0.1
request query:  {}
response time: 478
response status: 200
response body: 
[{"file_id":170301,"title":"Vue异步组件－配合webpack的代码分割功能","summary":"在大型应用程序中，我们可能需要将应用拆分为更小的模块，并且只在实际需要时才从服务器加载组件。为了让异","tags":"vue","author":"Haowen","thumbnail":"http://function.withyoufriends.com/image/doc/170301.png","likes":2,"created_at":"2017-02-28T22:51:06.000Z","view_count":97},{"file_id":161222,"title":"从购买服务器开始－配置shadowsocks","summary":"服务器的选择有许多种，搬瓦工，Digital Ocean，国外的主机都相对比较便宜，我在这里选择的是","tags":"shadowsocks,VPN","author":"Haowen","thumbnail":null,"likes":19,"created_at":"2016-12-22T12:34:04.000Z","view_count":153},{"file_id":161214,"title":"在Mac上用pyenv管理安装python","summary":"想安装一个很酷的终端运行的抓包工具```mitmproxy```，需要有python3.0以上支持，","tags":"mitmproxy,python","author":"Haowen","thumbnail":"http://function.withyoufriends.com/image/doc/161214.jpg","likes":1,"created_at":"2016-12-14T11:34:04.000Z","view_count":28},{"file_id":161114,"title":"如何保存一个canvas图像并且重命名","summary":"今天有用到一个二位码转换的库```qr.js```，他把一串url给变成了一个canvas画出来的二","tags":"canvas","author":"Haowen","thumbnail":null,"likes":0,"created_at":"2016-11-14T11:29:17.000Z","view_count":3},{"file_id":161114,"title":"如何保存一个canvas图像并且重命名","summary":"今天有用到一个二位码转换的库```qr.js```，他把一串url给变成了一个canvas画出来的二","tags":"canvas","author":"Haowen","thumbnail":null,"likes":0,"created_at":"2016-11-14T11:29:17.000Z","view_count":3},{"file_id":161007,"title":"做了一个滚动条","summary":"今天做了一个放在顶部的滚动条，把浏览器自带的替换掉了，遇到一些问题：\n\n主要在chrome中使用，因","tags":"css","author":"Haowen","thumbnail":null,"likes":1,"created_at":"2016-10-07T06:55:19.000Z","view_count":7},{"file_id":160922,"title":"Hello World","summary":"這是新博客的第一篇文章。","tags":"helloworld","author":"Haowen","thumbnail":null,"likes":15,"created_at":"2016-09-22T12:34:04.000Z","view_count":28}]
*************** response log end ***************

[2017-03-21 16:22:31.063] [INFO] resLogger - 
*************** response log start ***************
request method: GET
request originalUrl:  /api/article/getArticles
request client ip:  ::ffff:127.0.0.1
request query:  {}
response time: 332
response status: 200
response body: 
[{"file_id":170301,"title":"Vue异步组件－配合webpack的代码分割功能","summary":"在大型应用程序中，我们可能需要将应用拆分为更小的模块，并且只在实际需要时才从服务器加载组件。为了让异","tags":"vue","author":"Haowen","thumbnail":"http://function.withyoufriends.com/image/doc/170301.png","likes":2,"created_at":"2017-02-28T22:51:06.000Z","view_count":97},{"file_id":161222,"title":"从购买服务器开始－配置shadowsocks","summary":"服务器的选择有许多种，搬瓦工，Digital Ocean，国外的主机都相对比较便宜，我在这里选择的是","tags":"shadowsocks,VPN","author":"Haowen","thumbnail":null,"likes":19,"created_at":"2016-12-22T12:34:04.000Z","view_count":153},{"file_id":161214,"title":"在Mac上用pyenv管理安装python","summary":"想安装一个很酷的终端运行的抓包工具```mitmproxy```，需要有python3.0以上支持，","tags":"mitmproxy,python","author":"Haowen","thumbnail":"http://function.withyoufriends.com/image/doc/161214.jpg","likes":1,"created_at":"2016-12-14T11:34:04.000Z","view_count":28},{"file_id":161114,"title":"如何保存一个canvas图像并且重命名","summary":"今天有用到一个二位码转换的库```qr.js```，他把一串url给变成了一个canvas画出来的二","tags":"canvas","author":"Haowen","thumbnail":null,"likes":0,"created_at":"2016-11-14T11:29:17.000Z","view_count":3},{"file_id":161114,"title":"如何保存一个canvas图像并且重命名","summary":"今天有用到一个二位码转换的库```qr.js```，他把一串url给变成了一个canvas画出来的二","tags":"canvas","author":"Haowen","thumbnail":null,"likes":0,"created_at":"2016-11-14T11:29:17.000Z","view_count":3},{"file_id":161007,"title":"做了一个滚动条","summary":"今天做了一个放在顶部的滚动条，把浏览器自带的替换掉了，遇到一些问题：\n\n主要在chrome中使用，因","tags":"css","author":"Haowen","thumbnail":null,"likes":1,"created_at":"2016-10-07T06:55:19.000Z","view_count":7},{"file_id":160922,"title":"Hello World","summary":"這是新博客的第一篇文章。","tags":"helloworld","author":"Haowen","thumbnail":null,"likes":15,"created_at":"2016-09-22T12:34:04.000Z","view_count":28}]
*************** response log end ***************

[2017-03-21 16:25:22.797] [INFO] resLogger - 
*************** response log start ***************
request method: GET
request originalUrl:  /api/article/getArticles
request client ip:  ::ffff:127.0.0.1
request query:  {}
response time: 341
response status: 200
response body: 
[{"file_id":170301,"title":"Vue异步组件－配合webpack的代码分割功能","summary":"在大型应用程序中，我们可能需要将应用拆分为更小的模块，并且只在实际需要时才从服务器加载组件。为了让异","tags":"vue","author":"Haowen","thumbnail":"http://function.withyoufriends.com/image/doc/170301.png","likes":2,"created_at":"2017-02-28T22:51:06.000Z","view_count":97},{"file_id":161222,"title":"从购买服务器开始－配置shadowsocks","summary":"服务器的选择有许多种，搬瓦工，Digital Ocean，国外的主机都相对比较便宜，我在这里选择的是","tags":"shadowsocks,VPN","author":"Haowen","thumbnail":null,"likes":19,"created_at":"2016-12-22T12:34:04.000Z","view_count":153},{"file_id":161214,"title":"在Mac上用pyenv管理安装python","summary":"想安装一个很酷的终端运行的抓包工具```mitmproxy```，需要有python3.0以上支持，","tags":"mitmproxy,python","author":"Haowen","thumbnail":"http://function.withyoufriends.com/image/doc/161214.jpg","likes":1,"created_at":"2016-12-14T11:34:04.000Z","view_count":28},{"file_id":161114,"title":"如何保存一个canvas图像并且重命名","summary":"今天有用到一个二位码转换的库```qr.js```，他把一串url给变成了一个canvas画出来的二","tags":"canvas","author":"Haowen","thumbnail":null,"likes":0,"created_at":"2016-11-14T11:29:17.000Z","view_count":3},{"file_id":161114,"title":"如何保存一个canvas图像并且重命名","summary":"今天有用到一个二位码转换的库```qr.js```，他把一串url给变成了一个canvas画出来的二","tags":"canvas","author":"Haowen","thumbnail":null,"likes":0,"created_at":"2016-11-14T11:29:17.000Z","view_count":3},{"file_id":161007,"title":"做了一个滚动条","summary":"今天做了一个放在顶部的滚动条，把浏览器自带的替换掉了，遇到一些问题：\n\n主要在chrome中使用，因","tags":"css","author":"Haowen","thumbnail":null,"likes":1,"created_at":"2016-10-07T06:55:19.000Z","view_count":7},{"file_id":160922,"title":"Hello World","summary":"這是新博客的第一篇文章。","tags":"helloworld","author":"Haowen","thumbnail":null,"likes":15,"created_at":"2016-09-22T12:34:04.000Z","view_count":28}]
*************** response log end ***************

[2017-03-21 16:33:34.123] [INFO] resLogger - 
*************** response log start ***************
request method: GET
request originalUrl:  /api/article/getArticles
request client ip:  ::ffff:127.0.0.1
request query:  {}
response time: 704
response status: 200
response body: 
[{"file_id":170301,"title":"Vue异步组件－配合webpack的代码分割功能","summary":"在大型应用程序中，我们可能需要将应用拆分为更小的模块，并且只在实际需要时才从服务器加载组件。为了让异","tags":"vue","author":"Haowen","thumbnail":"http://function.withyoufriends.com/image/doc/170301.png","likes":2,"created_at":"2017-02-28T22:51:06.000Z","view_count":97},{"file_id":161222,"title":"从购买服务器开始－配置shadowsocks","summary":"服务器的选择有许多种，搬瓦工，Digital Ocean，国外的主机都相对比较便宜，我在这里选择的是","tags":"shadowsocks,VPN","author":"Haowen","thumbnail":null,"likes":19,"created_at":"2016-12-22T12:34:04.000Z","view_count":153},{"file_id":161214,"title":"在Mac上用pyenv管理安装python","summary":"想安装一个很酷的终端运行的抓包工具```mitmproxy```，需要有python3.0以上支持，","tags":"mitmproxy,python","author":"Haowen","thumbnail":"http://function.withyoufriends.com/image/doc/161214.jpg","likes":1,"created_at":"2016-12-14T11:34:04.000Z","view_count":28},{"file_id":161114,"title":"如何保存一个canvas图像并且重命名","summary":"今天有用到一个二位码转换的库```qr.js```，他把一串url给变成了一个canvas画出来的二","tags":"canvas","author":"Haowen","thumbnail":null,"likes":0,"created_at":"2016-11-14T11:29:17.000Z","view_count":3},{"file_id":161114,"title":"如何保存一个canvas图像并且重命名","summary":"今天有用到一个二位码转换的库```qr.js```，他把一串url给变成了一个canvas画出来的二","tags":"canvas","author":"Haowen","thumbnail":null,"likes":0,"created_at":"2016-11-14T11:29:17.000Z","view_count":3},{"file_id":161007,"title":"做了一个滚动条","summary":"今天做了一个放在顶部的滚动条，把浏览器自带的替换掉了，遇到一些问题：\n\n主要在chrome中使用，因","tags":"css","author":"Haowen","thumbnail":null,"likes":1,"created_at":"2016-10-07T06:55:19.000Z","view_count":7},{"file_id":160922,"title":"Hello World","summary":"這是新博客的第一篇文章。","tags":"helloworld","author":"Haowen","thumbnail":null,"likes":15,"created_at":"2016-09-22T12:34:04.000Z","view_count":28}]
*************** response log end ***************

[2017-03-21 16:34:15.901] [INFO] resLogger - 
*************** response log start ***************
request method: GET
request originalUrl:  /api/article/getArticles
request client ip:  ::ffff:127.0.0.1
request query:  {}
response time: 961
response status: 200
response body: 
[{"file_id":170301,"title":"Vue异步组件－配合webpack的代码分割功能","summary":"在大型应用程序中，我们可能需要将应用拆分为更小的模块，并且只在实际需要时才从服务器加载组件。为了让异","tags":"vue","author":"Haowen","thumbnail":"http://function.withyoufriends.com/image/doc/170301.png","likes":2,"created_at":"2017-02-28T22:51:06.000Z","view_count":97},{"file_id":161222,"title":"从购买服务器开始－配置shadowsocks","summary":"服务器的选择有许多种，搬瓦工，Digital Ocean，国外的主机都相对比较便宜，我在这里选择的是","tags":"shadowsocks,VPN","author":"Haowen","thumbnail":null,"likes":19,"created_at":"2016-12-22T12:34:04.000Z","view_count":153},{"file_id":161214,"title":"在Mac上用pyenv管理安装python","summary":"想安装一个很酷的终端运行的抓包工具```mitmproxy```，需要有python3.0以上支持，","tags":"mitmproxy,python","author":"Haowen","thumbnail":"http://function.withyoufriends.com/image/doc/161214.jpg","likes":1,"created_at":"2016-12-14T11:34:04.000Z","view_count":28},{"file_id":161114,"title":"如何保存一个canvas图像并且重命名","summary":"今天有用到一个二位码转换的库```qr.js```，他把一串url给变成了一个canvas画出来的二","tags":"canvas","author":"Haowen","thumbnail":null,"likes":0,"created_at":"2016-11-14T11:29:17.000Z","view_count":3},{"file_id":161114,"title":"如何保存一个canvas图像并且重命名","summary":"今天有用到一个二位码转换的库```qr.js```，他把一串url给变成了一个canvas画出来的二","tags":"canvas","author":"Haowen","thumbnail":null,"likes":0,"created_at":"2016-11-14T11:29:17.000Z","view_count":3},{"file_id":161007,"title":"做了一个滚动条","summary":"今天做了一个放在顶部的滚动条，把浏览器自带的替换掉了，遇到一些问题：\n\n主要在chrome中使用，因","tags":"css","author":"Haowen","thumbnail":null,"likes":1,"created_at":"2016-10-07T06:55:19.000Z","view_count":7},{"file_id":160922,"title":"Hello World","summary":"這是新博客的第一篇文章。","tags":"helloworld","author":"Haowen","thumbnail":null,"likes":15,"created_at":"2016-09-22T12:34:04.000Z","view_count":28}]
*************** response log end ***************

[2017-03-21 16:41:03.739] [INFO] resLogger - 
*************** response log start ***************
request method: GET
request originalUrl:  /api/article/getArticles
request client ip:  ::ffff:127.0.0.1
request query:  {}
response time: 211
response status: 200
response body: 
[{"file_id":170301,"title":"Vue异步组件－配合webpack的代码分割功能","summary":"在大型应用程序中，我们可能需要将应用拆分为更小的模块，并且只在实际需要时才从服务器加载组件。为了让异","tags":"vue","author":"Haowen","thumbnail":"http://function.withyoufriends.com/image/doc/170301.png","likes":2,"created_at":"2017-02-28T22:51:06.000Z","view_count":97},{"file_id":161222,"title":"从购买服务器开始－配置shadowsocks","summary":"服务器的选择有许多种，搬瓦工，Digital Ocean，国外的主机都相对比较便宜，我在这里选择的是","tags":"shadowsocks,VPN","author":"Haowen","thumbnail":null,"likes":19,"created_at":"2016-12-22T12:34:04.000Z","view_count":153},{"file_id":161214,"title":"在Mac上用pyenv管理安装python","summary":"想安装一个很酷的终端运行的抓包工具```mitmproxy```，需要有python3.0以上支持，","tags":"mitmproxy,python","author":"Haowen","thumbnail":"http://function.withyoufriends.com/image/doc/161214.jpg","likes":1,"created_at":"2016-12-14T11:34:04.000Z","view_count":28},{"file_id":161114,"title":"如何保存一个canvas图像并且重命名","summary":"今天有用到一个二位码转换的库```qr.js```，他把一串url给变成了一个canvas画出来的二","tags":"canvas","author":"Haowen","thumbnail":null,"likes":0,"created_at":"2016-11-14T11:29:17.000Z","view_count":3},{"file_id":161114,"title":"如何保存一个canvas图像并且重命名","summary":"今天有用到一个二位码转换的库```qr.js```，他把一串url给变成了一个canvas画出来的二","tags":"canvas","author":"Haowen","thumbnail":null,"likes":0,"created_at":"2016-11-14T11:29:17.000Z","view_count":3},{"file_id":161007,"title":"做了一个滚动条","summary":"今天做了一个放在顶部的滚动条，把浏览器自带的替换掉了，遇到一些问题：\n\n主要在chrome中使用，因","tags":"css","author":"Haowen","thumbnail":null,"likes":1,"created_at":"2016-10-07T06:55:19.000Z","view_count":7},{"file_id":160922,"title":"Hello World","summary":"這是新博客的第一篇文章。","tags":"helloworld","author":"Haowen","thumbnail":null,"likes":15,"created_at":"2016-09-22T12:34:04.000Z","view_count":28}]
*************** response log end ***************

[2017-03-21 16:43:35.400] [INFO] resLogger - 
*************** response log start ***************
request method: GET
request originalUrl:  /api/article/getArticles
request client ip:  ::ffff:127.0.0.1
request query:  {}
response time: 362
response status: 200
response body: 
[{"file_id":170301,"title":"Vue异步组件－配合webpack的代码分割功能","summary":"在大型应用程序中，我们可能需要将应用拆分为更小的模块，并且只在实际需要时才从服务器加载组件。为了让异","tags":"vue","author":"Haowen","thumbnail":"http://function.withyoufriends.com/image/doc/170301.png","likes":2,"created_at":"2017-02-28T22:51:06.000Z","view_count":97},{"file_id":161222,"title":"从购买服务器开始－配置shadowsocks","summary":"服务器的选择有许多种，搬瓦工，Digital Ocean，国外的主机都相对比较便宜，我在这里选择的是","tags":"shadowsocks,VPN","author":"Haowen","thumbnail":null,"likes":19,"created_at":"2016-12-22T12:34:04.000Z","view_count":153},{"file_id":161214,"title":"在Mac上用pyenv管理安装python","summary":"想安装一个很酷的终端运行的抓包工具```mitmproxy```，需要有python3.0以上支持，","tags":"mitmproxy,python","author":"Haowen","thumbnail":"http://function.withyoufriends.com/image/doc/161214.jpg","likes":1,"created_at":"2016-12-14T11:34:04.000Z","view_count":28},{"file_id":161114,"title":"如何保存一个canvas图像并且重命名","summary":"今天有用到一个二位码转换的库```qr.js```，他把一串url给变成了一个canvas画出来的二","tags":"canvas","author":"Haowen","thumbnail":null,"likes":0,"created_at":"2016-11-14T11:29:17.000Z","view_count":3},{"file_id":161114,"title":"如何保存一个canvas图像并且重命名","summary":"今天有用到一个二位码转换的库```qr.js```，他把一串url给变成了一个canvas画出来的二","tags":"canvas","author":"Haowen","thumbnail":null,"likes":0,"created_at":"2016-11-14T11:29:17.000Z","view_count":3},{"file_id":161007,"title":"做了一个滚动条","summary":"今天做了一个放在顶部的滚动条，把浏览器自带的替换掉了，遇到一些问题：\n\n主要在chrome中使用，因","tags":"css","author":"Haowen","thumbnail":null,"likes":1,"created_at":"2016-10-07T06:55:19.000Z","view_count":7},{"file_id":160922,"title":"Hello World","summary":"這是新博客的第一篇文章。","tags":"helloworld","author":"Haowen","thumbnail":null,"likes":15,"created_at":"2016-09-22T12:34:04.000Z","view_count":28}]
*************** response log end ***************

