[2017-03-21 16:02:31.969] [ERROR] errorLogger - 
*************** error log start ***************
request method: POST
request originalUrl:  /api/users/login
request client ip:  ::ffff:127.0.0.1
request body: 
{"user_name":"","password":""}
response time: 335
err name: ReferenceError
err message: ApiErrorNames is not defined
err stack: ReferenceError: ApiErrorNames is not defined
    at new ApiError (/Users/Haowen/WebstormProjects/haowen/error/ApiError.js:12:26)
    at /Users/Haowen/WebstormProjects/haowen/controllers/user.js:61:11
    at Generator.next (<anonymous>)
    at step (/Users/Haowen/WebstormProjects/haowen/controllers/user.js:3:191)
    at /Users/Haowen/WebstormProjects/haowen/controllers/user.js:3:361
*************** error log end ***************

[2017-03-21 16:04:26.694] [ERROR] errorLogger - 
*************** error log start ***************
request method: POST
request originalUrl:  /api/users/login
request client ip:  ::ffff:127.0.0.1
request body: 
{"user_name":"","password":""}
response time: 169
err name: ReferenceError
err message: ApiErrorNames is not defined
err stack: ReferenceError: ApiErrorNames is not defined
    at new ApiError (/Users/Haowen/WebstormProjects/haowen/error/ApiError.js:12:26)
    at /Users/Haowen/WebstormProjects/haowen/controllers/user.js:61:11
    at Generator.next (<anonymous>)
    at step (/Users/Haowen/WebstormProjects/haowen/controllers/user.js:3:191)
    at /Users/Haowen/WebstormProjects/haowen/controllers/user.js:3:361
*************** error log end ***************

[2017-03-21 16:19:07.815] [ERROR] errorLogger - 
*************** error log start ***************
request method: POST
request originalUrl:  /api/users/login
request client ip:  ::ffff:127.0.0.1
request body: 
{"user_name":"","password":""}
response time: 1181
err name: Error
err message: 缺少必填项
err stack: Error: 缺少必填项
    at /Users/Haowen/WebstormProjects/haowen/controllers/user.js:61:11
    at Generator.next (<anonymous>)
    at step (/Users/Haowen/WebstormProjects/haowen/controllers/user.js:3:191)
    at /Users/Haowen/WebstormProjects/haowen/controllers/user.js:3:361
*************** error log end ***************

[2017-03-21 16:23:08.454] [ERROR] errorLogger - 
*************** error log start ***************
request method: POST
request originalUrl:  /api/users/login
request client ip:  ::ffff:127.0.0.1
request body: 
{"user_name":"","password":""}
response time: 398
err name: Error
err message: 缺少必填项
err stack: Error: 缺少必填项
    at /Users/Haowen/WebstormProjects/haowen/controllers/user.js:61:11
    at Generator.next (<anonymous>)
    at step (/Users/Haowen/WebstormProjects/haowen/controllers/user.js:3:191)
    at /Users/Haowen/WebstormProjects/haowen/controllers/user.js:3:361
*************** error log end ***************

[2017-03-21 16:25:25.203] [ERROR] errorLogger - 
*************** error log start ***************
request method: POST
request originalUrl:  /api/users/login
request client ip:  ::ffff:127.0.0.1
request body: 
{"user_name":"","password":""}
response time: 355
err name: Error
err message: 缺少必填项
err stack: Error: 缺少必填项
    at /Users/Haowen/WebstormProjects/haowen/controllers/user.js:61:11
    at Generator.next (<anonymous>)
    at step (/Users/Haowen/WebstormProjects/haowen/controllers/user.js:3:191)
    at /Users/Haowen/WebstormProjects/haowen/controllers/user.js:3:361
*************** error log end ***************

[2017-03-21 16:29:03.779] [ERROR] errorLogger - 
*************** error log start ***************
request method: POST
request originalUrl:  /api/users/login
request client ip:  ::ffff:127.0.0.1
request body: 
{"user_name":"","password":""}
response time: 178
err name: Error
err message: 缺少必填项
err stack: Error: 缺少必填项
    at /Users/Haowen/WebstormProjects/haowen/controllers/user.js:61:11
    at Generator.next (<anonymous>)
    at step (/Users/Haowen/WebstormProjects/haowen/controllers/user.js:3:191)
    at /Users/Haowen/WebstormProjects/haowen/controllers/user.js:3:361
*************** error log end ***************

[2017-03-21 16:33:36.216] [ERROR] errorLogger - 
*************** error log start ***************
request method: POST
request originalUrl:  /api/users/login
request client ip:  ::ffff:127.0.0.1
request body: 
{"user_name":"","password":""}
response time: 897
err name: Error
err message: 缺少必填项
err stack: Error: 缺少必填项
    at /Users/Haowen/WebstormProjects/haowen/controllers/user.js:61:11
    at Generator.next (<anonymous>)
    at step (/Users/Haowen/WebstormProjects/haowen/controllers/user.js:3:191)
    at /Users/Haowen/WebstormProjects/haowen/controllers/user.js:3:361
*************** error log end ***************

[2017-03-21 16:34:17.537] [ERROR] errorLogger - 
*************** error log start ***************
request method: POST
request originalUrl:  /api/users/login
request client ip:  ::ffff:127.0.0.1
request body: 
{"user_name":"","password":""}
response time: 310
err name: Error
err message: 缺少必填项
err stack: Error: 缺少必填项
    at /Users/Haowen/WebstormProjects/haowen/controllers/user.js:61:11
    at Generator.next (<anonymous>)
    at step (/Users/Haowen/WebstormProjects/haowen/controllers/user.js:3:191)
    at /Users/Haowen/WebstormProjects/haowen/controllers/user.js:3:361
*************** error log end ***************

[2017-03-21 16:41:05.486] [ERROR] errorLogger - 
*************** error log start ***************
request method: POST
request originalUrl:  /api/users/login
request client ip:  ::ffff:127.0.0.1
request body: 
{"user_name":"","password":""}
response time: 203
err name: Error
err message: 缺少必填项
err stack: Error: 缺少必填项
    at /Users/Haowen/WebstormProjects/haowen/controllers/user.js:58:11
    at Generator.next (<anonymous>)
    at step (/Users/Haowen/WebstormProjects/haowen/controllers/user.js:3:191)
    at /Users/Haowen/WebstormProjects/haowen/controllers/user.js:3:361
*************** error log end ***************

[2017-03-21 16:43:39.818] [ERROR] errorLogger - 
*************** error log start ***************
request method: POST
request originalUrl:  /api/users/login
request client ip:  ::ffff:127.0.0.1
request body: 
{"user_name":"","password":""}
response time: 1556
err name: Error
err message: 缺少必填项
err stack: Error: 缺少必填项
    at /Users/Haowen/WebstormProjects/haowen/controllers/user.js:58:11
    at Generator.next (<anonymous>)
    at step (/Users/Haowen/WebstormProjects/haowen/controllers/user.js:3:191)
    at /Users/Haowen/WebstormProjects/haowen/controllers/user.js:3:361
*************** error log end ***************

[2017-03-21 16:44:00.414] [ERROR] errorLogger - 
*************** error log start ***************
request method: POST
request originalUrl:  /api/users/login
request client ip:  ::ffff:127.0.0.1
request body: 
{"user_name":"","password":""}
response time: 273
err name: Error
err message: 缺少必填项
err stack: Error: 缺少必填项
    at /Users/Haowen/WebstormProjects/haowen/controllers/user.js:58:11
    at Generator.next (<anonymous>)
    at step (/Users/Haowen/WebstormProjects/haowen/controllers/user.js:3:191)
    at /Users/Haowen/WebstormProjects/haowen/controllers/user.js:3:361
*************** error log end ***************

[2017-03-21 16:44:00.668] [ERROR] errorLogger - 
*************** error log start ***************
request method: POST
request originalUrl:  /api/users/login
request client ip:  ::ffff:127.0.0.1
request body: 
{"user_name":"","password":""}
response time: 274
err name: Error
err message: 缺少必填项
err stack: Error: 缺少必填项
    at /Users/Haowen/WebstormProjects/haowen/controllers/user.js:58:11
    at Generator.next (<anonymous>)
    at step (/Users/Haowen/WebstormProjects/haowen/controllers/user.js:3:191)
    at /Users/Haowen/WebstormProjects/haowen/controllers/user.js:3:361
*************** error log end ***************

[2017-03-21 16:44:00.898] [ERROR] errorLogger - 
*************** error log start ***************
request method: POST
request originalUrl:  /api/users/login
request client ip:  ::ffff:127.0.0.1
request body: 
{"user_name":"","password":""}
response time: 271
err name: Error
err message: 缺少必填项
err stack: Error: 缺少必填项
    at /Users/Haowen/WebstormProjects/haowen/controllers/user.js:58:11
    at Generator.next (<anonymous>)
    at step (/Users/Haowen/WebstormProjects/haowen/controllers/user.js:3:191)
    at /Users/Haowen/WebstormProjects/haowen/controllers/user.js:3:361
*************** error log end ***************

[2017-03-21 16:44:01.084] [ERROR] errorLogger - 
*************** error log start ***************
request method: POST
request originalUrl:  /api/users/login
request client ip:  ::ffff:127.0.0.1
request body: 
{"user_name":"","password":""}
response time: 273
err name: Error
err message: 缺少必填项
err stack: Error: 缺少必填项
    at /Users/Haowen/WebstormProjects/haowen/controllers/user.js:58:11
    at Generator.next (<anonymous>)
    at step (/Users/Haowen/WebstormProjects/haowen/controllers/user.js:3:191)
    at /Users/Haowen/WebstormProjects/haowen/controllers/user.js:3:361
*************** error log end ***************

