[2017-03-21 17:05:44.219] [ERROR] errorLogger - 
*************** error log start ***************
request method: POST
request originalUrl:  /api/users/login
request client ip:  ::ffff:127.0.0.1
request body: 
{"user_name":"","password":""}
response time: 186
err name: Error
err message: 缺少必填项
err stack: Error: 缺少必填项
    at /Users/Haowen/WebstormProjects/haowen/controllers/user.js:58:11
    at Generator.next (<anonymous>)
    at step (/Users/Haowen/WebstormProjects/haowen/controllers/user.js:3:191)
    at /Users/Haowen/WebstormProjects/haowen/controllers/user.js:3:361
*************** error log end ***************

[2017-03-21 17:05:52.021] [ERROR] errorLogger - 
*************** error log start ***************
request method: POST
request originalUrl:  /api/users/login
request client ip:  ::ffff:127.0.0.1
request body: 
{"user_name":"","password":""}
response time: 291
err name: Error
err message: 缺少必填项
err stack: Error: 缺少必填项
    at /Users/Haowen/WebstormProjects/haowen/controllers/user.js:58:11
    at Generator.next (<anonymous>)
    at step (/Users/Haowen/WebstormProjects/haowen/controllers/user.js:3:191)
    at /Users/Haowen/WebstormProjects/haowen/controllers/user.js:3:361
*************** error log end ***************

[2017-03-21 17:05:53.239] [ERROR] errorLogger - 
*************** error log start ***************
request method: POST
request originalUrl:  /api/users/login
request client ip:  ::ffff:127.0.0.1
request body: 
{"user_name":"","password":""}
response time: 330
err name: Error
err message: 缺少必填项
err stack: Error: 缺少必填项
    at /Users/Haowen/WebstormProjects/haowen/controllers/user.js:58:11
    at Generator.next (<anonymous>)
    at step (/Users/Haowen/WebstormProjects/haowen/controllers/user.js:3:191)
    at /Users/Haowen/WebstormProjects/haowen/controllers/user.js:3:361
*************** error log end ***************

[2017-03-21 17:09:21.795] [ERROR] errorLogger - 
*************** error log start ***************
request method: POST
request originalUrl:  /api/users/login
request client ip:  ::ffff:127.0.0.1
request body: 
{"user_name":"","password":""}
response time: 178
err name: Error
err message: 缺少必填项
err stack: Error: 缺少必填项
    at /Users/Haowen/WebstormProjects/haowen/controllers/user.js:58:11
    at Generator.next (<anonymous>)
    at step (/Users/Haowen/WebstormProjects/haowen/controllers/user.js:3:191)
    at /Users/Haowen/WebstormProjects/haowen/controllers/user.js:3:361
*************** error log end ***************

[2017-03-21 17:09:23.831] [ERROR] errorLogger - 
*************** error log start ***************
request method: POST
request originalUrl:  /api/users/login
request client ip:  ::ffff:127.0.0.1
request body: 
{"user_name":"","password":""}
response time: 648
err name: Error
err message: 缺少必填项
err stack: Error: 缺少必填项
    at /Users/Haowen/WebstormProjects/haowen/controllers/user.js:58:11
    at Generator.next (<anonymous>)
    at step (/Users/Haowen/WebstormProjects/haowen/controllers/user.js:3:191)
    at /Users/Haowen/WebstormProjects/haowen/controllers/user.js:3:361
*************** error log end ***************

[2017-03-21 17:09:25.030] [ERROR] errorLogger - 
*************** error log start ***************
request method: POST
request originalUrl:  /api/users/login
request client ip:  ::ffff:127.0.0.1
request body: 
{"user_name":"","password":""}
response time: 157
err name: Error
err message: 缺少必填项
err stack: Error: 缺少必填项
    at /Users/Haowen/WebstormProjects/haowen/controllers/user.js:58:11
    at Generator.next (<anonymous>)
    at step (/Users/Haowen/WebstormProjects/haowen/controllers/user.js:3:191)
    at /Users/Haowen/WebstormProjects/haowen/controllers/user.js:3:361
*************** error log end ***************

[2017-03-21 17:11:47.983] [ERROR] errorLogger - 
*************** error log start ***************
request method: POST
request originalUrl:  /api/users/login
request client ip:  ::ffff:127.0.0.1
request body: 
{"user_name":"","password":""}
response time: 178
err name: Error
err message: 缺少必填项
err stack: Error: 缺少必填项
    at /Users/Haowen/WebstormProjects/haowen/controllers/user.js:58:11
    at Generator.next (<anonymous>)
    at step (/Users/Haowen/WebstormProjects/haowen/controllers/user.js:3:191)
    at /Users/Haowen/WebstormProjects/haowen/controllers/user.js:3:361
*************** error log end ***************

[2017-03-21 17:12:23.541] [ERROR] errorLogger - 
*************** error log start ***************
request method: POST
request originalUrl:  /api/users/login
request client ip:  ::ffff:127.0.0.1
request body: 
{"user_name":"","password":""}
response time: 197
err name: Error
err message: 缺少必填项
err stack: Error: 缺少必填项
    at /Users/Haowen/WebstormProjects/haowen/controllers/user.js:58:11
    at Generator.next (<anonymous>)
    at step (/Users/Haowen/WebstormProjects/haowen/controllers/user.js:3:191)
    at /Users/Haowen/WebstormProjects/haowen/controllers/user.js:3:361
*************** error log end ***************

[2017-03-21 17:12:47.732] [ERROR] errorLogger - 
*************** error log start ***************
request method: POST
request originalUrl:  /api/users/login
request client ip:  ::ffff:127.0.0.1
request body: 
{"user_name":"","password":""}
response time: 173
err name: Error
err message: 缺少必填项
err stack: Error: 缺少必填项
    at /Users/Haowen/WebstormProjects/haowen/controllers/user.js:58:11
    at Generator.next (<anonymous>)
    at step (/Users/Haowen/WebstormProjects/haowen/controllers/user.js:3:191)
    at /Users/Haowen/WebstormProjects/haowen/controllers/user.js:3:361
*************** error log end ***************

