[2017-03-21 15:46:07.507] [ERROR] errorLogger - 
*************** error log start ***************
request method: POST
request originalUrl:  /api/users/login
request client ip:  ::ffff:127.0.0.1
request body: 
{"user_name":"","password":""}
response time: 356
err name: ReferenceError
err message: ApiErrorNames is not defined
err stack: ReferenceError: ApiErrorNames is not defined
    at new ApiError (/Users/Haowen/WebstormProjects/haowen/error/ApiError.js:12:26)
    at /Users/Haowen/WebstormProjects/haowen/controllers/user.js:61:11
    at Generator.next (<anonymous>)
    at step (/Users/Haowen/WebstormProjects/haowen/controllers/user.js:3:191)
    at /Users/Haowen/WebstormProjects/haowen/controllers/user.js:3:361
*************** error log end ***************

[2017-03-21 15:46:18.870] [ERROR] errorLogger - 
*************** error log start ***************
request method: POST
request originalUrl:  /api/users/login
request client ip:  ::ffff:127.0.0.1
request body: 
{"user_name":"","password":""}
response time: 849
err name: ReferenceError
err message: ApiErrorNames is not defined
err stack: ReferenceError: ApiErrorNames is not defined
    at new ApiError (/Users/Haowen/WebstormProjects/haowen/error/ApiError.js:12:26)
    at /Users/Haowen/WebstormProjects/haowen/controllers/user.js:61:11
    at Generator.next (<anonymous>)
    at step (/Users/Haowen/WebstormProjects/haowen/controllers/user.js:3:191)
    at /Users/Haowen/WebstormProjects/haowen/controllers/user.js:3:361
*************** error log end ***************

